生成启动时间为 2017/10/13 11:12:29。
     1>项目“E:\hxbc\智能存储\智能存储加药程序\LKGuard\LKGuard\LKGuard.vcxproj”在节点 2 上(build 个目标)。
     1>InitializeBuildStatus:
         正在创建“Debug\LKGuard.unsuccessfulbuild”，因为已指定“AlwaysCreate”。
       ClCompile:
         所有输出均为最新。
         C:\Program Files (x86)\Microsoft Visual Studio 10.0\VC\bin\CL.exe /c /ZI /nologo /W3 /WX- /Od /Oy- /D WIN32 /D _WINDOWS /D _DEBUG /D _MBCS /D _AFXDLL /Gm /EHsc /RTC1 /MDd /GS /fp:precise /Zc:wchar_t /Zc:forScope /Yu"StdAfx.h" /Fp"Debug\LKGuard.pch" /Fo"Debug\\" /Fd"Debug\vc100.pdb" /Gd /TP /analyze- /errorReport:prompt LKGuardDlg.cpp
         LKGuardDlg.cpp
       ResourceCompile:
         所有输出均为最新。
       ManifestResourceCompile:
         所有输出均为最新。
       Link:
         C:\Program Files (x86)\Microsoft Visual Studio 10.0\VC\bin\link.exe /ERRORREPORT:PROMPT /OUT:"E:\hxbc\智能存储\智能存储加药程序\LKGuard\Debug\LKGuard.exe" /INCREMENTAL /NOLOGO /MANIFEST /ManifestFile:"Debug\LKGuard.exe.intermediate.manifest" /MANIFESTUAC:"level='asInvoker' uiAccess='false'" /DEBUG /PDB:"E:\hxbc\智能存储\智能存储加药程序\LKGuard\Debug\LKGuard.pdb" /SUBSYSTEM:WINDOWS /TLBID:1 /DYNAMICBASE /NXCOMPAT /IMPLIB:"E:\hxbc\智能存储\智能存储加药程序\LKGuard\Debug\LKGuard.lib" /MACHINE:X86 Debug\LKGuard.res
         Debug\LKGuard.exe.embed.manifest.res
         Debug\LKGuard.obj
         Debug\LKGuardDlg.obj
         Debug\stdafx.obj
       Manifest:
         C:\Program Files (x86)\Microsoft SDKs\Windows\v7.0A\bin\mt.exe /nologo /verbose /out:"Debug\LKGuard.exe.embed.manifest" /manifest Debug\LKGuard.exe.intermediate.manifest "C:\Program Files (x86)\Microsoft Visual Studio 10.0\VC\Include\Manifest\dpiaware.manifest"
         所有输出均为最新。
       LinkEmbedManifest:
         所有输出均为最新。
         LKGuard.vcxproj -> E:\hxbc\智能存储\智能存储加药程序\LKGuard\Debug\LKGuard.exe
       FinalizeBuildStatus:
         正在删除文件“Debug\LKGuard.unsuccessfulbuild”。
         正在对“Debug\LKGuard.lastbuildstate”执行 Touch 任务。
     1>已完成生成项目“E:\hxbc\智能存储\智能存储加药程序\LKGuard\LKGuard\LKGuard.vcxproj”(build 个目标)的操作。

生成成功。

已用时间 00:00:00.74
