生成启动时间为 2018/8/29 17:03:53。
     1>项目“E:\hxbc\LKGuard\LKGuard\LKGuard.vcxproj”在节点 2 上(build 个目标)。
     1>InitializeBuildStatus:
         正在创建“Release\LKGuard.unsuccessfulbuild”，因为已指定“AlwaysCreate”。
       ClCompile:
         C:\Program Files (x86)\Microsoft Visual Studio 10.0\VC\bin\CL.exe /c /Zi /nologo /W3 /WX- /O2 /Oi /Oy- /GL /D WIN32 /D _WINDOWS /D NDEBUG /D _MBCS /D _AFXDLL /Gm- /EHsc /MD /GS /Gy /fp:precise /Zc:wchar_t /Zc:forScope /Yc"StdAfx.h" /Fp"Release\LKGuard.pch" /Fo"Release\\" /Fd"Release\vc100.pdb" /Gd /TP /analyze- /errorReport:prompt stdafx.cpp
         stdafx.cpp
         C:\Program Files (x86)\Microsoft Visual Studio 10.0\VC\bin\CL.exe /c /Zi /nologo /W3 /WX- /O2 /Oi /Oy- /GL /D WIN32 /D _WINDOWS /D NDEBUG /D _MBCS /D _AFXDLL /Gm- /EHsc /MD /GS /Gy /fp:precise /Zc:wchar_t /Zc:forScope /Yu"StdAfx.h" /Fp"Release\LKGuard.pch" /Fo"Release\\" /Fd"Release\vc100.pdb" /Gd /TP /analyze- /errorReport:prompt LKGuard.cpp LKGuardDlg.cpp
         LKGuard.cpp
         LKGuardDlg.cpp
       ResourceCompile:
         C:\Program Files (x86)\Microsoft SDKs\Windows\v7.0A\bin\rc.exe /D NDEBUG /D _AFXDLL /l"0x0804" /IRelease\ /nologo /fo"Release\LKGuard.res" LKGuard.rc 
       Link:
         C:\Program Files (x86)\Microsoft Visual Studio 10.0\VC\bin\link.exe /ERRORREPORT:PROMPT /OUT:"E:\hxbc\LKGuard\Release\LKGuard.exe" /INCREMENTAL:NO /NOLOGO /MANIFEST /ManifestFile:"Release\LKGuard.exe.intermediate.manifest" /MANIFESTUAC:"level='asInvoker' uiAccess='false'" /DEBUG /PDB:"E:\hxbc\LKGuard\Release\LKGuard.pdb" /SUBSYSTEM:WINDOWS /OPT:REF /OPT:ICF /LTCG /TLBID:1 /DYNAMICBASE /NXCOMPAT /IMPLIB:"E:\hxbc\LKGuard\Release\LKGuard.lib" /MACHINE:X86 Release\LKGuard.res
         Release\LKGuard.obj
         Release\LKGuardDlg.obj
         Release\stdafx.obj
         正在生成代码
         已完成代码的生成
         LKGuard.vcxproj -> E:\hxbc\LKGuard\Release\LKGuard.exe
       Manifest:
         C:\Program Files (x86)\Microsoft SDKs\Windows\v7.0A\bin\mt.exe /nologo /verbose /outputresource:"E:\hxbc\LKGuard\Release\LKGuard.exe;#1" /manifest Release\LKGuard.exe.intermediate.manifest "C:\Program Files (x86)\Microsoft Visual Studio 10.0\VC\Include\Manifest\dpiaware.manifest"
       FinalizeBuildStatus:
         正在删除文件“Release\LKGuard.unsuccessfulbuild”。
         正在对“Release\LKGuard.lastbuildstate”执行 Touch 任务。
     1>已完成生成项目“E:\hxbc\LKGuard\LKGuard\LKGuard.vcxproj”(build 个目标)的操作。

生成成功。

已用时间 00:00:12.06
